<?xml version="1.0" encoding="UTF-8"?>
<!-- Generated by org.testng.reporters.JUnitReportReporter -->
<testsuite skipped="0" hostname="AU3POMP1DBQTL" name="com.sqa.automation.test.ComprarPaqueteTest" tests="1" failures="0" timestamp="26 mar 2019 16:12:10 GMT" time="7.812" errors="0">
  <testcase name="ComprarPaqueteTest" time="7.812" classname="com.sqa.automation.test.ComprarPaqueteTest"/>
</testsuite> <!-- com.sqa.automation.test.ComprarPaqueteTest -->
